The following model/training parameters were used for this run: 

batch_size =  128
mixup_alpha =  1.0
h_dim =  512
num_hidden =  1
lr =  0.001
epochs =  1000
num_runs =  10
-------------------------------------------------

Mixup model training loss results: 
-------------------------------------------------

Mixup test performance: 

Test set: Average loss: 0.0237, Accuracy: 3/3 (100%)

-------------------------------------------------

Base model training loss results: 
-------------------------------------------------

Base test performance: 

Test set: Average loss: 0.0000, Accuracy: 3/3 (100%)

-------------------------------------------------

Mixup Model Evaluations: 
[[0.9963991  0.00360094]
 [0.17385758 0.82614243]
 [0.9769206  0.0230794 ]]
