The following model/training parameters were used for this run: 

batch_size =  128
mixup_alpha =  1.0
h_dim =  512
num_hidden =  1
lr =  0.001
epochs =  5000
num_runs =  32
-------------------------------------------------

Mixup model training loss results: 
-------------------------------------------------

Mixup average test error over 32 runs: 33.12%
-------------------------------------------------

Base model training loss results: 
-------------------------------------------------

Base average test error over 32 runs: 4.69%
-------------------------------------------------

Mixup Model Evaluations: 
[[0.9872955  0.0127045 ]
 [0.3440001  0.65599984]
 [0.61598194 0.38401815]
 [0.51682097 0.483179  ]
 [0.5301905  0.46980953]
 [0.53561765 0.46438232]
 [0.5415678  0.4584322 ]
 [0.5007719  0.4992281 ]
 [0.43716526 0.56283474]
 [0.3079592  0.69204074]]

