The following model/training parameters were used for this run: 

batch_size =  128
mixup_alpha =  1.0
h_dim =  512
num_hidden =  1
lr =  0.001
epochs =  5000
num_runs =  10
-------------------------------------------------

Mixup model training loss results: 
-------------------------------------------------

Mixup average test error over 10 runs: 18.00%
-------------------------------------------------

Base model training loss results: 
-------------------------------------------------

Base average test error over 10 runs: 0.00%
-------------------------------------------------

Mixup Model Evaluations: 
[[9.8295575e-01 8.0920737e-03 4.1002030e-03 1.6942674e-03 1.2533810e-03
  8.2741660e-04 5.2609539e-04 2.8676740e-04 1.9842775e-04 6.5622080e-05]
 [2.7050096e-01 5.9983736e-01 6.1557323e-02 2.2510950e-02 1.4037562e-02
  1.0151292e-02 6.8866117e-03 5.4391781e-03 5.0981604e-03 3.9805770e-03]
 [1.2844414e-01 1.9486123e-01 4.6363243e-01 1.0985492e-01 4.0747374e-02
  1.9892050e-02 1.2837914e-02 9.9893985e-03 1.0032409e-02 9.7080898e-03]
 [6.6835456e-02 9.0437584e-02 1.8541436e-01 3.6288586e-01 1.5959521e-01
  5.8512658e-02 3.1490516e-02 1.9318823e-02 1.4866494e-02 1.0643018e-02]
 [3.7174128e-02 4.9420409e-02 7.5516924e-02 1.6863921e-01 3.2886884e-01
  1.6817614e-01 8.7838545e-02 4.5697588e-02 2.6070425e-02 1.2597822e-02]
 [2.1748733e-02 2.9368784e-02 4.1126456e-02 6.9730498e-02 1.8962269e-01
  2.6009017e-01 2.0322338e-01 1.1201680e-01 5.3546350e-02 1.9526135e-02]
 [1.2516218e-02 1.7328672e-02 2.4942771e-02 3.3071861e-02 7.6409258e-02
  1.5037994e-01 2.8261322e-01 2.4038084e-01 1.2016531e-01 4.2191893e-02]
 [6.2126005e-03 8.8176169e-03 1.3332047e-02 1.4134389e-02 2.4322620e-02
  4.9671669e-02 1.7332813e-01 3.1082258e-01 2.5835440e-01 1.4100394e-01]
 [1.8875443e-03 2.7491064e-03 4.3647727e-03 3.7613295e-03 4.6708188e-03
  9.4513260e-03 5.0490104e-02 1.9080107e-01 3.4257492e-01 3.8924903e-01]
 [3.5286197e-04 5.1764259e-04 8.5530838e-04 6.0189067e-04 5.4474233e-04
  1.1187413e-03 9.0007652e-03 7.0592724e-02 2.8170687e-01 6.3470846e-01]]
