The following model/training parameters were used for this run: 

batch_size =  128
mixup_alpha =  128.0
h_dim =  512
num_hidden =  1
lr =  0.001
epochs =  5000
num_runs =  10
-------------------------------------------------

Mixup model training loss results: 
-------------------------------------------------

Mixup average test error over 10 runs: 47.00%
-------------------------------------------------

Base model training loss results: 
-------------------------------------------------

Base average test error over 10 runs: 8.00%
-------------------------------------------------

Mixup Model Evaluations: 
[[0.9986752  0.00132474]
 [0.64033234 0.35966766]
 [0.5525586  0.4474415 ]
 [0.543219   0.456781  ]
 [0.52834576 0.47165424]
 [0.5056553  0.4943447 ]
 [0.48348013 0.5165199 ]
 [0.46073562 0.5392644 ]
 [0.4097085  0.5902915 ]
 [0.33578488 0.66421515]]
