The following model/training parameters were used for this run: 

batch_size =  128
mixup_alpha =  32.0
h_dim =  512
num_hidden =  1
lr =  0.001
epochs =  5000
num_runs =  10
-------------------------------------------------

Mixup model training loss results: 
-------------------------------------------------

Mixup average test error over 10 runs: 47.00%
-------------------------------------------------

Base model training loss results: 
-------------------------------------------------

Base average test error over 10 runs: 9.00%
-------------------------------------------------

Mixup Model Evaluations: 
[[0.9983524  0.00164763]
 [0.60927373 0.39072627]
 [0.5425389  0.45746118]
 [0.53031737 0.4696826 ]
 [0.5110081  0.48899192]
 [0.4884282  0.51157176]
 [0.46420407 0.5357959 ]
 [0.43495017 0.5650498 ]
 [0.38209966 0.61790043]
 [0.3128117  0.68718827]]
